<?xml version="1.0" encoding="UTF-8" ?>
<testsuite failures="0" time="0.19" errors="1" skipped="0" tests="1" name="com.datasift.fido.scenarios.userSession.LoginTest">
  <properties>
    <property name="java.runtime.name" value="Java(TM) SE Runtime Environment"/>
    <property name="sun.boot.library.path" value="/System/Library/Java/JavaVirtualMachines/1.6.0.jdk/Contents/Libraries"/>
    <property name="java.vm.version" value="20.6-b01-415"/>
    <property name="awt.nativeDoubleBuffering" value="true"/>
    <property name="gopherProxySet" value="false"/>
    <property name="mrj.build" value="11M3646"/>
    <property name="java.vm.vendor" value="Apple Inc."/>
    <property name="java.vendor.url" value="http://www.apple.com/"/>
    <property name="path.separator" value=":"/>
    <property name="java.vm.name" value="Java HotSpot(TM) 64-Bit Server VM"/>
    <property name="file.encoding.pkg" value="sun.io"/>
    <property name="user.country" value="US"/>
    <property name="sun.java.launcher" value="SUN_STANDARD"/>
    <property name="sun.os.patch.level" value="unknown"/>
    <property name="java.vm.specification.name" value="Java Virtual Machine Specification"/>
    <property name="user.dir" value="/Users/vladimirivanov/www/jbehave-selenium"/>
    <property name="java.runtime.version" value="1.6.0_31-b04-415-11M3646"/>
    <property name="java.awt.graphicsenv" value="apple.awt.CGraphicsEnvironment"/>
    <property name="basedir" value="/Users/vladimirivanov/www/jbehave-selenium"/>
    <property name="java.endorsed.dirs" value="/System/Library/Java/JavaVirtualMachines/1.6.0.jdk/Contents/Home/lib/endorsed"/>
    <property name="os.arch" value="x86_64"/>
    <property name="surefire.real.class.path" value="/Users/vladimirivanov/www/jbehave-selenium/target/surefire/surefirebooter8825040874497762189.jar"/>
    <property name="java.io.tmpdir" value="/var/folders/j4/dpph3sk51vvc17nmqfknxcv00000gn/T/"/>
    <property name="line.separator" value="
"/>
    <property name="java.vm.specification.vendor" value="Sun Microsystems Inc."/>
    <property name="os.name" value="Mac OS X"/>
    <property name="sun.jnu.encoding" value="MacRoman"/>
    <property name="java.library.path" value=".:/Library/Java/Extensions:/System/Library/Java/Extensions:/usr/lib/java"/>
    <property name="surefire.test.class.path" value="/Users/vladimirivanov/www/jbehave-selenium/target/test-classes:/Users/vladimirivanov/www/jbehave-selenium/target/classes:/Users/vladimirivanov/.m2/repository/junit/junit/4.8.2/junit-4.8.2.jar:/Users/vladimirivanov/.m2/repository/org/jbehave/jbehave-core/3.4.5/jbehave-core-3.4.5.jar:/Users/vladimirivanov/.m2/repository/junit/junit-dep/4.8.2/junit-dep-4.8.2.jar:/Users/vladimirivanov/.m2/repository/org/hamcrest/hamcrest-core/1.1/hamcrest-core-1.1.jar:/Users/vladimirivanov/.m2/repository/org/hamcrest/hamcrest-library/1.1/hamcrest-library-1.1.jar:/Users/vladimirivanov/.m2/repository/org/hamcrest/hamcrest-integration/1.1/hamcrest-integration-1.1.jar:/Users/vladimirivanov/.m2/repository/commons-collections/commons-collections/3.2.1/commons-collections-3.2.1.jar:/Users/vladimirivanov/.m2/repository/commons-io/commons-io/1.4/commons-io-1.4.jar:/Users/vladimirivanov/.m2/repository/commons-lang/commons-lang/2.5/commons-lang-2.5.jar:/Users/vladimirivanov/.m2/repository/org/codehaus/plexus/plexus-utils/2.0.5/plexus-utils-2.0.5.jar:/Users/vladimirivanov/.m2/repository/org/freemarker/freemarker/2.3.16/freemarker-2.3.16.jar:/Users/vladimirivanov/.m2/repository/com/thoughtworks/paranamer/paranamer/2.3/paranamer-2.3.jar:/Users/vladimirivanov/.m2/repository/com/thoughtworks/xstream/xstream/1.3.1/xstream-1.3.1.jar:/Users/vladimirivanov/.m2/repository/xpp3/xpp3_min/1.1.4c/xpp3_min-1.1.4c.jar:/Users/vladimirivanov/.m2/repository/org/seleniumhq/selenium/client-drivers/selenium-java-client-driver/1.0.2/selenium-java-client-driver-1.0.2.jar:/Users/vladimirivanov/.m2/repository/org/json/json/20090211/json-20090211.jar:/Users/vladimirivanov/.m2/repository/httpunit/httpunit/1.7/httpunit-1.7.jar:/Users/vladimirivanov/.m2/repository/javax/servlet/servlet-api/2.3/servlet-api-2.3.jar:/Users/vladimirivanov/.m2/repository/jtidy/jtidy/4aug2000r7-dev/jtidy-4aug2000r7-dev.jar:/Users/vladimirivanov/.m2/repository/rhino/js/1.7R2/js-1.7R2.jar:"/>
    <property name="java.specification.name" value="Java Platform API Specification"/>
    <property name="java.class.version" value="50.0"/>
    <property name="sun.management.compiler" value="HotSpot 64-Bit Tiered Compilers"/>
    <property name="os.version" value="10.7.4"/>
    <property name="http.nonProxyHosts" value="local|*.local|169.254/16|*.169.254/16"/>
    <property name="user.home" value="/Users/vladimirivanov"/>
    <property name="user.timezone" value="Europe/London"/>
    <property name="java.awt.printerjob" value="apple.awt.CPrinterJob"/>
    <property name="java.specification.version" value="1.6"/>
    <property name="file.encoding" value="MacRoman"/>
    <property name="user.name" value="vladimirivanov"/>
    <property name="java.class.path" value="/Users/vladimirivanov/www/jbehave-selenium/target/test-classes:/Users/vladimirivanov/www/jbehave-selenium/target/classes:/Users/vladimirivanov/.m2/repository/junit/junit/4.8.2/junit-4.8.2.jar:/Users/vladimirivanov/.m2/repository/org/jbehave/jbehave-core/3.4.5/jbehave-core-3.4.5.jar:/Users/vladimirivanov/.m2/repository/junit/junit-dep/4.8.2/junit-dep-4.8.2.jar:/Users/vladimirivanov/.m2/repository/org/hamcrest/hamcrest-core/1.1/hamcrest-core-1.1.jar:/Users/vladimirivanov/.m2/repository/org/hamcrest/hamcrest-library/1.1/hamcrest-library-1.1.jar:/Users/vladimirivanov/.m2/repository/org/hamcrest/hamcrest-integration/1.1/hamcrest-integration-1.1.jar:/Users/vladimirivanov/.m2/repository/commons-collections/commons-collections/3.2.1/commons-collections-3.2.1.jar:/Users/vladimirivanov/.m2/repository/commons-io/commons-io/1.4/commons-io-1.4.jar:/Users/vladimirivanov/.m2/repository/commons-lang/commons-lang/2.5/commons-lang-2.5.jar:/Users/vladimirivanov/.m2/repository/org/codehaus/plexus/plexus-utils/2.0.5/plexus-utils-2.0.5.jar:/Users/vladimirivanov/.m2/repository/org/freemarker/freemarker/2.3.16/freemarker-2.3.16.jar:/Users/vladimirivanov/.m2/repository/com/thoughtworks/paranamer/paranamer/2.3/paranamer-2.3.jar:/Users/vladimirivanov/.m2/repository/com/thoughtworks/xstream/xstream/1.3.1/xstream-1.3.1.jar:/Users/vladimirivanov/.m2/repository/xpp3/xpp3_min/1.1.4c/xpp3_min-1.1.4c.jar:/Users/vladimirivanov/.m2/repository/org/seleniumhq/selenium/client-drivers/selenium-java-client-driver/1.0.2/selenium-java-client-driver-1.0.2.jar:/Users/vladimirivanov/.m2/repository/org/json/json/20090211/json-20090211.jar:/Users/vladimirivanov/.m2/repository/httpunit/httpunit/1.7/httpunit-1.7.jar:/Users/vladimirivanov/.m2/repository/javax/servlet/servlet-api/2.3/servlet-api-2.3.jar:/Users/vladimirivanov/.m2/repository/jtidy/jtidy/4aug2000r7-dev/jtidy-4aug2000r7-dev.jar:/Users/vladimirivanov/.m2/repository/rhino/js/1.7R2/js-1.7R2.jar:"/>
    <property name="java.vm.specification.version" value="1.0"/>
    <property name="sun.arch.data.model" value="64"/>
    <property name="java.home" value="/System/Library/Java/JavaVirtualMachines/1.6.0.jdk/Contents/Home"/>
    <property name="sun.java.command" value="/Users/vladimirivanov/www/jbehave-selenium/target/surefire/surefirebooter8825040874497762189.jar /Users/vladimirivanov/www/jbehave-selenium/target/surefire/surefire7127229481006359873tmp /Users/vladimirivanov/www/jbehave-selenium/target/surefire/surefire3128746988284916214tmp"/>
    <property name="java.specification.vendor" value="Sun Microsystems Inc."/>
    <property name="user.language" value="en"/>
    <property name="awt.toolkit" value="apple.awt.CToolkit"/>
    <property name="java.vm.info" value="mixed mode"/>
    <property name="java.version" value="1.6.0_31"/>
    <property name="java.ext.dirs" value="/Library/Java/Extensions:/System/Library/Java/Extensions:/System/Library/Java/JavaVirtualMachines/1.6.0.jdk/Contents/Home/lib/ext"/>
    <property name="sun.boot.class.path" value="/System/Library/Java/JavaVirtualMachines/1.6.0.jdk/Contents/Classes/jsfd.jar:/System/Library/Java/JavaVirtualMachines/1.6.0.jdk/Contents/Classes/classes.jar:/System/Library/Frameworks/JavaVM.framework/Frameworks/JavaRuntimeSupport.framework/Resources/Java/JavaRuntimeSupport.jar:/System/Library/Java/JavaVirtualMachines/1.6.0.jdk/Contents/Classes/ui.jar:/System/Library/Java/JavaVirtualMachines/1.6.0.jdk/Contents/Classes/laf.jar:/System/Library/Java/JavaVirtualMachines/1.6.0.jdk/Contents/Classes/sunrsasign.jar:/System/Library/Java/JavaVirtualMachines/1.6.0.jdk/Contents/Classes/jsse.jar:/System/Library/Java/JavaVirtualMachines/1.6.0.jdk/Contents/Classes/jce.jar:/System/Library/Java/JavaVirtualMachines/1.6.0.jdk/Contents/Classes/charsets.jar"/>
    <property name="java.vendor" value="Apple Inc."/>
    <property name="localRepository" value="/Users/vladimirivanov/.m2/repository"/>
    <property name="file.separator" value="/"/>
    <property name="java.vendor.url.bug" value="http://bugreport.apple.com/"/>
    <property name="sun.cpu.endian" value="little"/>
    <property name="sun.io.unicode.encoding" value="UnicodeLittle"/>
    <property name="mrj.version" value="1070.1.6.0_31-415"/>
    <property name="socksNonProxyHosts" value="local|*.local|169.254/16|*.169.254/16"/>
    <property name="ftp.nonProxyHosts" value="local|*.local|169.254/16|*.169.254/16"/>
    <property name="sun.cpu.isalist" value=""/>
  </properties>
  <testcase time="0.16" classname="com.datasift.fido.scenarios.userSession.LoginTest" name="run">
    <error message="Story path &apos;com/datasift/fido/scenarios/userSession/login_test.story&apos; not found by class loader sun.misc.Launcher$AppClassLoader@20cf2c80" type="org.jbehave.core.io.StoryResourceNotFound">org.jbehave.core.io.StoryResourceNotFound: Story path &apos;com/datasift/fido/scenarios/userSession/login_test.story&apos; not found by class loader sun.misc.Launcher$AppClassLoader@20cf2c80
	at org.jbehave.core.io.LoadFromClasspath.resourceAsStream(LoadFromClasspath.java:45)
	at org.jbehave.core.io.LoadFromClasspath.loadResourceAsText(LoadFromClasspath.java:30)
	at org.jbehave.core.io.LoadFromClasspath.loadStoryAsText(LoadFromClasspath.java:39)
	at org.jbehave.core.embedder.StoryRunner.storyOfPath(StoryRunner.java:174)
	at org.jbehave.core.embedder.Embedder.runStoriesAsPaths(Embedder.java:197)
	at org.jbehave.core.junit.JUnitStory.run(JUnitStory.java:24)
	at sun.reflect.NativeMethodAccessorImpl.invoke0(Native Method)
	at sun.reflect.NativeMethodAccessorImpl.invoke(NativeMethodAccessorImpl.java:39)
	at sun.reflect.DelegatingMethodAccessorImpl.invoke(DelegatingMethodAccessorImpl.java:25)
	at java.lang.reflect.Method.invoke(Method.java:597)
	at org.junit.runners.model.FrameworkMethod$1.runReflectiveCall(FrameworkMethod.java:44)
	at org.junit.internal.runners.model.ReflectiveCallable.run(ReflectiveCallable.java:15)
	at org.junit.runners.model.FrameworkMethod.invokeExplosively(FrameworkMethod.java:41)
	at org.junit.internal.runners.statements.InvokeMethod.evaluate(InvokeMethod.java:20)
	at org.junit.runners.BlockJUnit4ClassRunner.runNotIgnored(BlockJUnit4ClassRunner.java:79)
	at org.junit.runners.BlockJUnit4ClassRunner.runChild(BlockJUnit4ClassRunner.java:71)
	at org.junit.runners.BlockJUnit4ClassRunner.runChild(BlockJUnit4ClassRunner.java:49)
	at org.junit.runners.ParentRunner$3.run(ParentRunner.java:193)
	at org.junit.runners.ParentRunner$1.schedule(ParentRunner.java:52)
	at org.junit.runners.ParentRunner.runChildren(ParentRunner.java:191)
	at org.junit.runners.ParentRunner.access$000(ParentRunner.java:42)
	at org.junit.runners.ParentRunner$2.evaluate(ParentRunner.java:184)
	at org.junit.runners.ParentRunner.run(ParentRunner.java:236)
	at org.apache.maven.surefire.junit4.JUnit4TestSet.execute(JUnit4TestSet.java:35)
	at org.apache.maven.surefire.junit4.JUnit4Provider.executeTestSet(JUnit4Provider.java:115)
	at org.apache.maven.surefire.junit4.JUnit4Provider.invoke(JUnit4Provider.java:97)
	at sun.reflect.NativeMethodAccessorImpl.invoke0(Native Method)
	at sun.reflect.NativeMethodAccessorImpl.invoke(NativeMethodAccessorImpl.java:39)
	at sun.reflect.DelegatingMethodAccessorImpl.invoke(DelegatingMethodAccessorImpl.java:25)
	at java.lang.reflect.Method.invoke(Method.java:597)
	at org.apache.maven.surefire.booter.ProviderFactory$ClassLoaderProxy.invoke(ProviderFactory.java:103)
	at $Proxy0.invoke(Unknown Source)
	at org.apache.maven.surefire.booter.SurefireStarter.invokeProvider(SurefireStarter.java:150)
	at org.apache.maven.surefire.booter.SurefireStarter.runSuitesInProcess(SurefireStarter.java:91)
	at org.apache.maven.surefire.booter.ForkedBooter.main(ForkedBooter.java:69)
</error>
    <system-out>@HL
@HL-------------------------------------------------------
@HL T E S T S
@HL-------------------------------------------------------
@SLRunning com.datasift.fido.scenarios.userSession.LoginTest
Processing system properties {}

(BeforeStories)

</system-out>
  </testcase>
</testsuite>